2022-01-21 20:28:44,355 INFO     server.py Запущен сервер, порт для подключений: 8007, адрес с которого принимаются подключения: . Если адрес не указан, принимаются соединения с любых адресов.
2022-01-21 20:29:51,979 INFO     server.py Запущен сервер, порт для подключений: 8007, адрес с которого принимаются подключения: . Если адрес не указан, принимаются соединения с любых адресов.
2022-01-21 20:31:57,607 INFO     server.py Запущен сервер, порт для подключений: 8007, адрес с которого принимаются подключения: . Если адрес не указан, принимаются соединения с любых адресов.
2022-01-21 20:32:35,415 INFO     server.py Запущен сервер, порт для подключений: 8007, адрес с которого принимаются подключения: . Если адрес не указан, принимаются соединения с любых адресов.
2022-01-21 20:34:52,613 INFO     server.py Запущен сервер, порт для подключений: 8007, адрес с которого принимаются подключения: . Если адрес не указан, принимаются соединения с любых адресов.
2022-01-21 20:35:54,943 INFO     server.py Запущен сервер, порт для подключений: 8007, адрес с которого принимаются подключения: . Если адрес не указан, принимаются соединения с любых адресов.
2022-01-21 20:39:23,288 INFO     server.py Запущен сервер, порт для подключений: 8007, адрес с которого принимаются подключения: . Если адрес не указан, принимаются соединения с любых адресов.
2022-01-21 20:40:11,153 INFO     server.py Запущен сервер, порт для подключений: 8007, адрес с которого принимаются подключения: . Если адрес не указан, принимаются соединения с любых адресов.
2022-01-21 20:41:45,054 INFO     server.py Запущен сервер, порт для подключений: 8007, адрес с которого принимаются подключения: . Если адрес не указан, принимаются соединения с любых адресов.
2022-01-21 20:42:10,641 INFO     server.py Запущен сервер, порт для подключений: 8007, адрес с которого принимаются подключения: . Если адрес не указан, принимаются соединения с любых адресов.
2022-01-21 20:42:34,413 INFO     server.py Запущен сервер, порт для подключений: 8007, адрес с которого принимаются подключения: . Если адрес не указан, принимаются соединения с любых адресов.
2022-01-21 20:43:52,180 INFO     server.py Запущен сервер, порт для подключений: 8007, адрес с которого принимаются подключения: . Если адрес не указан, принимаются соединения с любых адресов.
2022-01-21 20:44:37,291 INFO     server.py Запущен сервер, порт для подключений: 8007, адрес с которого принимаются подключения: . Если адрес не указан, принимаются соединения с любых адресов.
2022-01-21 20:45:34,741 INFO     server.py Запущен сервер, порт для подключений: 8007, адрес с которого принимаются подключения: . Если адрес не указан, принимаются соединения с любых адресов.
2022-01-21 20:45:53,113 INFO     server.py Запущен сервер, порт для подключений: 8007, адрес с которого принимаются подключения: . Если адрес не указан, принимаются соединения с любых адресов.
2022-01-21 20:49:07,596 INFO     server.py Запущен сервер, порт для подключений: 8007, адрес с которого принимаются подключения: . Если адрес не указан, принимаются соединения с любых адресов.
2022-01-21 20:49:46,064 INFO     server.py Установлено соедение с ПК ('127.0.0.1', 55658)
2022-01-21 20:50:34,965 DEBUG    server.py Получено сообщение {'action': 'presence', 'time': 1642790995.040475, 'user': {'account_name': 'Guest'}}
2022-01-21 20:50:44,829 DEBUG    server.py Разбор сообщения от клиента : {'action': 'presence', 'time': 1642790995.040475, 'user': {'account_name': 'Guest'}}
2022-01-21 20:50:50,857 INFO     server.py Сформирован ответ клиенту {'response': 200}
2022-01-21 20:51:01,458 DEBUG    server.py Соединение с клиентом ('127.0.0.1', 55658) закрывается.
